listening on port 3001
listening on port 3001
listening on port 3001
(node:3702) UnhandledPromiseRejectionWarning: Error: connect ECONNREFUSED 172.31.12.19:5432
    at Object._errnoException (util.js:1022:11)
    at _exceptionWithHostPort (util.js:1044:20)
    at TCPConnectWrap.afterConnect [as oncomplete] (net.js:1198:14)
(node:3702) UnhandledPromiseRejectionWarning: Unhandled promise rejection. This error originated either by throwing inside of an async function without a catch block, or by rejecting a promise which was not handled with .catch(). (rejection id: 1)
(node:3702) [DEP0018] DeprecationWarning: Unhandled promise rejections are deprecated. In the future, promise rejections that are not handled will terminate the Node.js process with a non-zero exit code.
events.js:183
      throw er; // Unhandled 'error' event
      ^

Error: listen EADDRINUSE :::3001
    at Object._errnoException (util.js:1022:11)
    at _exceptionWithHostPort (util.js:1044:20)
    at Server.setupListenHandle (net.js:1367:14)
    at Server.wrappedListen2 [as _listen2] (/home/ec2-user/service-neighborhood-HE/node_modules/newrelic/lib/instrumentation/core/net.js:44:40)
    at listenInCluster (net.js:1408:12)
    at Server.listen (net.js:1492:7)
    at Server.wrappedNoRecord [as listen] (/home/ec2-user/service-neighborhood-HE/node_modules/newrelic/lib/instrumentation/core/net.js:24:19)
    at Function.listen (/home/ec2-user/service-neighborhood-HE/node_modules/express/lib/application.js:618:24)
    at Object.<anonymous> (/home/ec2-user/service-neighborhood-HE/server/index.js:14:5)
    at Module._compile (module.js:652:30)
listening on port 3001
listening on port 3001
listening on port 3001
listening on port 3001
events.js:183
      throw er; // Unhandled 'error' event
      ^

Error: listen EADDRINUSE :::3001
    at Object._errnoException (util.js:1022:11)
    at _exceptionWithHostPort (util.js:1044:20)
    at Server.setupListenHandle (net.js:1367:14)
    at Server.wrappedListen2 [as _listen2] (/home/ec2-user/service-neighborhood-HE/node_modules/newrelic/lib/instrumentation/core/net.js:44:40)
    at listenInCluster (net.js:1408:12)
    at Server.listen (net.js:1492:7)
    at Server.wrappedNoRecord [as listen] (/home/ec2-user/service-neighborhood-HE/node_modules/newrelic/lib/instrumentation/core/net.js:24:19)
    at Function.listen (/home/ec2-user/service-neighborhood-HE/node_modules/express/lib/application.js:618:24)
    at Object.<anonymous> (/home/ec2-user/service-neighborhood-HE/server/index.js:14:5)
    at Module._compile (module.js:652:30)
events.js:183
      throw er; // Unhandled 'error' event
      ^

Error: listen EADDRINUSE :::3001
    at Object._errnoException (util.js:1022:11)
    at _exceptionWithHostPort (util.js:1044:20)
    at Server.setupListenHandle (net.js:1367:14)
    at Server.wrappedListen2 [as _listen2] (/home/ec2-user/service-neighborhood-HE/node_modules/newrelic/lib/instrumentation/core/net.js:44:40)
    at listenInCluster (net.js:1408:12)
    at Server.listen (net.js:1492:7)
    at Server.wrappedNoRecord [as listen] (/home/ec2-user/service-neighborhood-HE/node_modules/newrelic/lib/instrumentation/core/net.js:24:19)
    at Function.listen (/home/ec2-user/service-neighborhood-HE/node_modules/express/lib/application.js:618:24)
    at Object.<anonymous> (/home/ec2-user/service-neighborhood-HE/server/index.js:14:5)
    at Module._compile (module.js:652:30)
